0 info it worked if it ends with ok
1 verbose cli [ '/Users/woolson/.nvm/versions/node/v6.9.1/bin/node',
1 verbose cli   '/Users/woolson/.nvm/versions/node/v6.9.1/bin/npm',
1 verbose cli   'run',
1 verbose cli   'dev' ]
2 info using npm@3.10.8
3 info using node@v6.9.1
4 verbose run-script [ 'predev', 'dev', 'postdev' ]
5 info lifecycle new-blog@0.1.0~predev: new-blog@0.1.0
6 silly lifecycle new-blog@0.1.0~predev: no script for predev, continuing
7 info lifecycle new-blog@0.1.0~dev: new-blog@0.1.0
8 verbose lifecycle new-blog@0.1.0~dev: unsafe-perm in lifecycle true
9 verbose lifecycle new-blog@0.1.0~dev: PATH: /Users/woolson/.nvm/versions/node/v6.9.1/lib/node_modules/npm/bin/node-gyp-bin:/Users/woolson/Documents/Develop/blog-web/node_modules/.bin:/usr/local/var/pyenv/shims:/Users/woolson/.rbenv/shims:/Users/woolson/.rbenv/bin:/Users/woolson/.nvm/versions/node/v6.9.1/bin:/Users/woolson/bin:/Users/woolson/go/bin:/Users/woolson/bin:/usr/local/bin:/usr/local/bin:/usr/bin:/bin:/usr/sbin:/sbin:/opt/X11/bin:/usr/local/go/bin
10 verbose lifecycle new-blog@0.1.0~dev: CWD: /Users/woolson/Documents/Develop/blog-web
11 silly lifecycle new-blog@0.1.0~dev: Args: [ '-c',
11 silly lifecycle   'webpack-dev-server --host 0.0.0.0 --hisstory-api-fallback --config webpack.conf.dev.js' ]
12 silly lifecycle new-blog@0.1.0~dev: Returned: code: 1  signal: null
13 info lifecycle new-blog@0.1.0~dev: Failed to exec dev script
14 verbose stack Error: new-blog@0.1.0 dev: `webpack-dev-server --host 0.0.0.0 --hisstory-api-fallback --config webpack.conf.dev.js`
14 verbose stack Exit status 1
14 verbose stack     at EventEmitter.<anonymous> (/Users/woolson/.nvm/versions/node/v6.9.1/lib/node_modules/npm/lib/utils/lifecycle.js:255:16)
14 verbose stack     at emitTwo (events.js:106:13)
14 verbose stack     at EventEmitter.emit (events.js:191:7)
14 verbose stack     at ChildProcess.<anonymous> (/Users/woolson/.nvm/versions/node/v6.9.1/lib/node_modules/npm/lib/utils/spawn.js:40:14)
14 verbose stack     at emitTwo (events.js:106:13)
14 verbose stack     at ChildProcess.emit (events.js:191:7)
14 verbose stack     at maybeClose (internal/child_process.js:877:16)
14 verbose stack     at Process.ChildProcess._handle.onexit (internal/child_process.js:226:5)
15 verbose pkgid new-blog@0.1.0
16 verbose cwd /Users/woolson/Documents/Develop/blog-web
17 error Darwin 16.7.0
18 error argv "/Users/woolson/.nvm/versions/node/v6.9.1/bin/node" "/Users/woolson/.nvm/versions/node/v6.9.1/bin/npm" "run" "dev"
19 error node v6.9.1
20 error npm  v3.10.8
21 error code ELIFECYCLE
22 error new-blog@0.1.0 dev: `webpack-dev-server --host 0.0.0.0 --hisstory-api-fallback --config webpack.conf.dev.js`
22 error Exit status 1
23 error Failed at the new-blog@0.1.0 dev script 'webpack-dev-server --host 0.0.0.0 --hisstory-api-fallback --config webpack.conf.dev.js'.
23 error Make sure you have the latest version of node.js and npm installed.
23 error If you do, this is most likely a problem with the new-blog package,
23 error not with npm itself.
23 error Tell the author that this fails on your system:
23 error     webpack-dev-server --host 0.0.0.0 --hisstory-api-fallback --config webpack.conf.dev.js
23 error You can get information on how to open an issue for this project with:
23 error     npm bugs new-blog
23 error Or if that isn't available, you can get their info via:
23 error     npm owner ls new-blog
23 error There is likely additional logging output above.
24 verbose exit [ 1, true ]
